<?xml version="1.0" encoding="UTF-8"?>
<!-- Generated by org.testng.reporters.JUnitXMLReporter -->
<testsuite ignored="0" hostname="DESKTOP-TL5B6PE" failures="1" tests="3" name="Test" time="1.565" errors="0" timestamp="24 Mar 2023 06:38:30 GMT">
  <testcase classname="com.tests.LoginTest" name="test01" time="0.952">
    <failure type="java.lang.AssertionError" message="expected [123] but found [JavaByKiran | Log in]">
      <![CDATA[java.lang.AssertionError: expected [123] but found [JavaByKiran | Log in]
at com.tests.LoginTest.test01(LoginTest.java:24)
... Removed 31 stack frames]]>
    </failure>
  </testcase> <!-- test01 -->
  <testcase classname="com.tests.LoginTest" name="test02" time="0.027"/>
  <testcase classname="com.tests.LoginTest" name="test03" time="0.013">
    <skipped/>
  </testcase> <!-- test03 -->
</testsuite> <!-- Test -->
